<html>
<head>
<title>TestNG:  Default test</title>
<link href="../testng.css" rel="stylesheet" type="text/css" />
<link href="../my-testng.css" rel="stylesheet" type="text/css" />

<style type="text/css">
.log { display: none;} 
.stack-trace { display: none;} 
</style>
<script type="text/javascript">
<!--
function flip(e) {
  current = e.style.display;
  if (current == 'block') {
    e.style.display = 'none';
    return 0;
  }
  else {
    e.style.display = 'block';
    return 1;
  }
}

function toggleBox(szDivId, elem, msg1, msg2)
{
  var res = -1;  if (document.getElementById) {
    res = flip(document.getElementById(szDivId));
  }
  else if (document.all) {
    // this is the way old msie versions work
    res = flip(document.all[szDivId]);
  }
  if(elem) {
    if(res == 0) elem.innerHTML = msg1; else elem.innerHTML = msg2;
  }

}

function toggleAllBoxes() {
  if (document.getElementsByTagName) {
    d = document.getElementsByTagName('div');
    for (i = 0; i < d.length; i++) {
      if (d[i].className == 'log') {
        flip(d[i]);
      }
    }
  }
}

// -->
</script>

</head>
<body>
<h2 align='center'>Default test</h2><table border='1' align="center">
<tr>
<td>Tests passed/Failed/Skipped:</td><td>25/7/0</td>
</tr><tr>
<td>Started on:</td><td>Tue Aug 04 13:03:13 IST 2020</td>
</tr>
<tr><td>Total time:</td><td>12 seconds (12857 ms)</td>
</tr><tr>
<td>Included groups:</td><td></td>
</tr><tr>
<td>Excluded groups:</td><td></td>
</tr>
</table><p/>
<small><i>(Hover the method name to see the test class name)</i></small><p/>
<table width='100%' border='1' class='invocation-failed'>
<tr><td colspan='4' align='center'><b>FAILED TESTS</b></td></tr>
<tr><td><b>Test method</b></td>
<td width="30%"><b>Exception</b></td>
<td width="10%"><b>Time (seconds)</b></td>
<td><b>Instance</b></td>
</tr>
<tr>
<td title='com.User.UserApiTests.GET_BankDetails_Nodes()'><b>GET_BankDetails_Nodes</b><br>Test class: com.User.UserApiTests<br>Test method: Verify GetBankDetails API Nodes</td>
<td><div><pre>java.lang.AssertionError: The following asserts failed:
	&quot;bank_account_full_name&quot; node is not present in the response body expected [true] but found [false],
	&quot;accountNumber&quot; node is not present in the response body expected [true] but found [false],
	ifscCode node is not present in the response body expected [true] but found [false],
	accountType node is not present in the response body expected [true] but found [false]
	at com.Reports.ReportListner.onTestFailure(ReportListner.java:65)
	at org.testng.internal.TestListenerHelper.runTestListeners(TestListenerHelper.java:66)
	at org.testng.internal.TestInvoker.runTestResultListener(TestInvoker.java:219)
	at org.testng.internal.TestInvoker.invokeMethod(TestInvoker.java:651)
	at org.testng.internal.TestInvoker.invokeTestMethod(TestInvoker.java:173)
	at org.testng.internal.MethodRunner.runInSequence(MethodRunner.java:46)
	at org.testng.internal.TestInvoker$MethodInvocationAgent.invoke(TestInvoker.java:816)
	at org.testng.internal.TestInvoker.invokeTestMethods(TestInvoker.java:146)
	at org.testng.internal.TestMethodWorker.invokeTestMethods(TestMethodWorker.java:146)
	at org.testng.internal.TestMethodWorker.run(TestMethodWorker.java:128)
	at java.base/java.util.ArrayList.forEach(ArrayList.java:1510)
	at org.testng.TestRunner.privateRun(TestRunner.java:766)
	at org.testng.TestRunner.run(TestRunner.java:587)
	at org.testng.SuiteRunner.runTest(SuiteRunner.java:384)
	at org.testng.SuiteRunner.runSequentially(SuiteRunner.java:378)
	at org.testng.SuiteRunner.privateRun(SuiteRunner.java:337)
	at org.testng.SuiteRunner.run(SuiteRunner.java:286)
	at org.testng.SuiteRunnerWorker.runSuite(SuiteRunnerWorker.java:53)
	at org.testng.SuiteRunnerWorker.run(SuiteRunnerWorker.java:96)
	at org.testng.TestNG.runSuitesSequentially(TestNG.java:1187)
	at org.testng.TestNG.runSuitesLocally(TestNG.java:1109)
	at org.testng.TestNG.runSuites(TestNG.java:1039)
	at org.testng.TestNG.run(TestNG.java:1007)
	at org.testng.remote.AbstractRemoteTestNG.run(AbstractRemoteTestNG.java:115)
	at org.testng.remote.RemoteTestNG.initAndRun(RemoteTestNG.java:251)
	at org.testng.remote.RemoteTestNG.main(RemoteTestNG.java:77)
</pre></div><a href='#' onClick='toggleBox("stack-trace1482694266", this, "Click to show all stack frames", "Click to hide stack frames")'>Click to show all stack frames</a>
<div class='stack-trace' id='stack-trace1482694266'><pre>java.lang.AssertionError: The following asserts failed:
	&quot;bank_account_full_name&quot; node is not present in the response body expected [true] but found [false],
	&quot;accountNumber&quot; node is not present in the response body expected [true] but found [false],
	ifscCode node is not present in the response body expected [true] but found [false],
	accountType node is not present in the response body expected [true] but found [false]
	at com.Reports.ReportListner.onTestFailure(ReportListner.java:65)
	at org.testng.internal.TestListenerHelper.runTestListeners(TestListenerHelper.java:66)
	at org.testng.internal.TestInvoker.runTestResultListener(TestInvoker.java:219)
	at org.testng.internal.TestInvoker.invokeMethod(TestInvoker.java:651)
	at org.testng.internal.TestInvoker.invokeTestMethod(TestInvoker.java:173)
	at org.testng.internal.MethodRunner.runInSequence(MethodRunner.java:46)
	at org.testng.internal.TestInvoker$MethodInvocationAgent.invoke(TestInvoker.java:816)
	at org.testng.internal.TestInvoker.invokeTestMethods(TestInvoker.java:146)
	at org.testng.internal.TestMethodWorker.invokeTestMethods(TestMethodWorker.java:146)
	at org.testng.internal.TestMethodWorker.run(TestMethodWorker.java:128)
	at java.base/java.util.ArrayList.forEach(ArrayList.java:1510)
	at org.testng.TestRunner.privateRun(TestRunner.java:766)
	at org.testng.TestRunner.run(TestRunner.java:587)
	at org.testng.SuiteRunner.runTest(SuiteRunner.java:384)
	at org.testng.SuiteRunner.runSequentially(SuiteRunner.java:378)
	at org.testng.SuiteRunner.privateRun(SuiteRunner.java:337)
	at org.testng.SuiteRunner.run(SuiteRunner.java:286)
	at org.testng.SuiteRunnerWorker.runSuite(SuiteRunnerWorker.java:53)
	at org.testng.SuiteRunnerWorker.run(SuiteRunnerWorker.java:96)
	at org.testng.TestNG.runSuitesSequentially(TestNG.java:1187)
	at org.testng.TestNG.runSuitesLocally(TestNG.java:1109)
	at org.testng.TestNG.runSuites(TestNG.java:1039)
	at org.testng.TestNG.run(TestNG.java:1007)
	at org.testng.remote.AbstractRemoteTestNG.run(AbstractRemoteTestNG.java:115)
	at org.testng.remote.RemoteTestNG.initAndRun(RemoteTestNG.java:251)
	at org.testng.remote.RemoteTestNG.main(RemoteTestNG.java:77)
</pre></div></td>
<td>0</td>
<td>com.User.UserApiTests@23282c25</td></tr>
<tr>
<td title='com.User.UserApiTests.GET_GetPreference_StatusCode_Time()'><b>GET_GetPreference_StatusCode_Time</b><br>Test class: com.User.UserApiTests<br>Test method: Verify getPreference API StatusCode, Response Time</td>
<td><div><pre>java.lang.AssertionError: Time allocated 559ms is greater than expected time 500ms expected [true] but found [false]
	at com.Reports.ReportListner.onTestFailure(ReportListner.java:65)
	at org.testng.internal.TestListenerHelper.runTestListeners(TestListenerHelper.java:66)
	at org.testng.internal.TestInvoker.runTestResultListener(TestInvoker.java:219)
	at org.testng.internal.TestInvoker.invokeMethod(TestInvoker.java:651)
	at org.testng.internal.TestInvoker.invokeTestMethod(TestInvoker.java:173)
	at org.testng.internal.MethodRunner.runInSequence(MethodRunner.java:46)
	at org.testng.internal.TestInvoker$MethodInvocationAgent.invoke(TestInvoker.java:816)
	at org.testng.internal.TestInvoker.invokeTestMethods(TestInvoker.java:146)
	at org.testng.internal.TestMethodWorker.invokeTestMethods(TestMethodWorker.java:146)
	at org.testng.internal.TestMethodWorker.run(TestMethodWorker.java:128)
	at java.base/java.util.ArrayList.forEach(ArrayList.java:1510)
	at org.testng.TestRunner.privateRun(TestRunner.java:766)
	at org.testng.TestRunner.run(TestRunner.java:587)
	at org.testng.SuiteRunner.runTest(SuiteRunner.java:384)
	at org.testng.SuiteRunner.runSequentially(SuiteRunner.java:378)
	at org.testng.SuiteRunner.privateRun(SuiteRunner.java:337)
	at org.testng.SuiteRunner.run(SuiteRunner.java:286)
	at org.testng.SuiteRunnerWorker.runSuite(SuiteRunnerWorker.java:53)
	at org.testng.SuiteRunnerWorker.run(SuiteRunnerWorker.java:96)
	at org.testng.TestNG.runSuitesSequentially(TestNG.java:1187)
	at org.testng.TestNG.runSuitesLocally(TestNG.java:1109)
	at org.testng.TestNG.runSuites(TestNG.java:1039)
	at org.testng.TestNG.run(TestNG.java:1007)
	at org.testng.remote.AbstractRemoteTestNG.run(AbstractRemoteTestNG.java:115)
	at org.testng.remote.RemoteTestNG.initAndRun(RemoteTestNG.java:251)
	at org.testng.remote.RemoteTestNG.main(RemoteTestNG.java:77)
</pre></div><a href='#' onClick='toggleBox("stack-trace1643345873", this, "Click to show all stack frames", "Click to hide stack frames")'>Click to show all stack frames</a>
<div class='stack-trace' id='stack-trace1643345873'><pre>java.lang.AssertionError: Time allocated 559ms is greater than expected time 500ms expected [true] but found [false]
	at com.Reports.ReportListner.onTestFailure(ReportListner.java:65)
	at org.testng.internal.TestListenerHelper.runTestListeners(TestListenerHelper.java:66)
	at org.testng.internal.TestInvoker.runTestResultListener(TestInvoker.java:219)
	at org.testng.internal.TestInvoker.invokeMethod(TestInvoker.java:651)
	at org.testng.internal.TestInvoker.invokeTestMethod(TestInvoker.java:173)
	at org.testng.internal.MethodRunner.runInSequence(MethodRunner.java:46)
	at org.testng.internal.TestInvoker$MethodInvocationAgent.invoke(TestInvoker.java:816)
	at org.testng.internal.TestInvoker.invokeTestMethods(TestInvoker.java:146)
	at org.testng.internal.TestMethodWorker.invokeTestMethods(TestMethodWorker.java:146)
	at org.testng.internal.TestMethodWorker.run(TestMethodWorker.java:128)
	at java.base/java.util.ArrayList.forEach(ArrayList.java:1510)
	at org.testng.TestRunner.privateRun(TestRunner.java:766)
	at org.testng.TestRunner.run(TestRunner.java:587)
	at org.testng.SuiteRunner.runTest(SuiteRunner.java:384)
	at org.testng.SuiteRunner.runSequentially(SuiteRunner.java:378)
	at org.testng.SuiteRunner.privateRun(SuiteRunner.java:337)
	at org.testng.SuiteRunner.run(SuiteRunner.java:286)
	at org.testng.SuiteRunnerWorker.runSuite(SuiteRunnerWorker.java:53)
	at org.testng.SuiteRunnerWorker.run(SuiteRunnerWorker.java:96)
	at org.testng.TestNG.runSuitesSequentially(TestNG.java:1187)
	at org.testng.TestNG.runSuitesLocally(TestNG.java:1109)
	at org.testng.TestNG.runSuites(TestNG.java:1039)
	at org.testng.TestNG.run(TestNG.java:1007)
	at org.testng.remote.AbstractRemoteTestNG.run(AbstractRemoteTestNG.java:115)
	at org.testng.remote.RemoteTestNG.initAndRun(RemoteTestNG.java:251)
	at org.testng.remote.RemoteTestNG.main(RemoteTestNG.java:77)
</pre></div></td>
<td>0</td>
<td>com.User.UserApiTests@23282c25</td></tr>
<tr>
<td title='com.User.UserApiTests.POST_CreateAUser_StatusCode_Time()'><b>POST_CreateAUser_StatusCode_Time</b><br>Test class: com.User.UserApiTests<br>Test method: Verify createUser API StatusCode, ResponseTime</td>
<td><div><pre>java.lang.AssertionError: Time allocated 869ms is greater than expected time 500ms expected [true] but found [false]
	at com.Reports.ReportListner.onTestFailure(ReportListner.java:65)
	at org.testng.internal.TestListenerHelper.runTestListeners(TestListenerHelper.java:66)
	at org.testng.internal.TestInvoker.runTestResultListener(TestInvoker.java:219)
	at org.testng.internal.TestInvoker.invokeMethod(TestInvoker.java:651)
	at org.testng.internal.TestInvoker.invokeTestMethod(TestInvoker.java:173)
	at org.testng.internal.MethodRunner.runInSequence(MethodRunner.java:46)
	at org.testng.internal.TestInvoker$MethodInvocationAgent.invoke(TestInvoker.java:816)
	at org.testng.internal.TestInvoker.invokeTestMethods(TestInvoker.java:146)
	at org.testng.internal.TestMethodWorker.invokeTestMethods(TestMethodWorker.java:146)
	at org.testng.internal.TestMethodWorker.run(TestMethodWorker.java:128)
	at java.base/java.util.ArrayList.forEach(ArrayList.java:1510)
	at org.testng.TestRunner.privateRun(TestRunner.java:766)
	at org.testng.TestRunner.run(TestRunner.java:587)
	at org.testng.SuiteRunner.runTest(SuiteRunner.java:384)
	at org.testng.SuiteRunner.runSequentially(SuiteRunner.java:378)
	at org.testng.SuiteRunner.privateRun(SuiteRunner.java:337)
	at org.testng.SuiteRunner.run(SuiteRunner.java:286)
	at org.testng.SuiteRunnerWorker.runSuite(SuiteRunnerWorker.java:53)
	at org.testng.SuiteRunnerWorker.run(SuiteRunnerWorker.java:96)
	at org.testng.TestNG.runSuitesSequentially(TestNG.java:1187)
	at org.testng.TestNG.runSuitesLocally(TestNG.java:1109)
	at org.testng.TestNG.runSuites(TestNG.java:1039)
	at org.testng.TestNG.run(TestNG.java:1007)
	at org.testng.remote.AbstractRemoteTestNG.run(AbstractRemoteTestNG.java:115)
	at org.testng.remote.RemoteTestNG.initAndRun(RemoteTestNG.java:251)
	at org.testng.remote.RemoteTestNG.main(RemoteTestNG.java:77)
</pre></div><a href='#' onClick='toggleBox("stack-trace1984631992", this, "Click to show all stack frames", "Click to hide stack frames")'>Click to show all stack frames</a>
<div class='stack-trace' id='stack-trace1984631992'><pre>java.lang.AssertionError: Time allocated 869ms is greater than expected time 500ms expected [true] but found [false]
	at com.Reports.ReportListner.onTestFailure(ReportListner.java:65)
	at org.testng.internal.TestListenerHelper.runTestListeners(TestListenerHelper.java:66)
	at org.testng.internal.TestInvoker.runTestResultListener(TestInvoker.java:219)
	at org.testng.internal.TestInvoker.invokeMethod(TestInvoker.java:651)
	at org.testng.internal.TestInvoker.invokeTestMethod(TestInvoker.java:173)
	at org.testng.internal.MethodRunner.runInSequence(MethodRunner.java:46)
	at org.testng.internal.TestInvoker$MethodInvocationAgent.invoke(TestInvoker.java:816)
	at org.testng.internal.TestInvoker.invokeTestMethods(TestInvoker.java:146)
	at org.testng.internal.TestMethodWorker.invokeTestMethods(TestMethodWorker.java:146)
	at org.testng.internal.TestMethodWorker.run(TestMethodWorker.java:128)
	at java.base/java.util.ArrayList.forEach(ArrayList.java:1510)
	at org.testng.TestRunner.privateRun(TestRunner.java:766)
	at org.testng.TestRunner.run(TestRunner.java:587)
	at org.testng.SuiteRunner.runTest(SuiteRunner.java:384)
	at org.testng.SuiteRunner.runSequentially(SuiteRunner.java:378)
	at org.testng.SuiteRunner.privateRun(SuiteRunner.java:337)
	at org.testng.SuiteRunner.run(SuiteRunner.java:286)
	at org.testng.SuiteRunnerWorker.runSuite(SuiteRunnerWorker.java:53)
	at org.testng.SuiteRunnerWorker.run(SuiteRunnerWorker.java:96)
	at org.testng.TestNG.runSuitesSequentially(TestNG.java:1187)
	at org.testng.TestNG.runSuitesLocally(TestNG.java:1109)
	at org.testng.TestNG.runSuites(TestNG.java:1039)
	at org.testng.TestNG.run(TestNG.java:1007)
	at org.testng.remote.AbstractRemoteTestNG.run(AbstractRemoteTestNG.java:115)
	at org.testng.remote.RemoteTestNG.initAndRun(RemoteTestNG.java:251)
	at org.testng.remote.RemoteTestNG.main(RemoteTestNG.java:77)
</pre></div></td>
<td>0</td>
<td>com.User.UserApiTests@23282c25</td></tr>
<tr>
<td title='com.User.UserApiTests.POST_DeleteBankDetails_Nodes()'><b>POST_DeleteBankDetails_Nodes</b><br>Test class: com.User.UserApiTests<br>Test method: Verify DeleteBankDetails API Nodes</td>
<td><div><pre>java.lang.AssertionError: The following asserts failed:
	&quot;@type&quot; node is not present in the response body expected [true] but found [false],
	&quot;@type&quot; node is not present in the response body expected [true] but found [false]
	at com.Reports.ReportListner.onTestFailure(ReportListner.java:65)
	at org.testng.internal.TestListenerHelper.runTestListeners(TestListenerHelper.java:66)
	at org.testng.internal.TestInvoker.runTestResultListener(TestInvoker.java:219)
	at org.testng.internal.TestInvoker.invokeMethod(TestInvoker.java:651)
	at org.testng.internal.TestInvoker.invokeTestMethod(TestInvoker.java:173)
	at org.testng.internal.MethodRunner.runInSequence(MethodRunner.java:46)
	at org.testng.internal.TestInvoker$MethodInvocationAgent.invoke(TestInvoker.java:816)
	at org.testng.internal.TestInvoker.invokeTestMethods(TestInvoker.java:146)
	at org.testng.internal.TestMethodWorker.invokeTestMethods(TestMethodWorker.java:146)
	at org.testng.internal.TestMethodWorker.run(TestMethodWorker.java:128)
	at java.base/java.util.ArrayList.forEach(ArrayList.java:1510)
	at org.testng.TestRunner.privateRun(TestRunner.java:766)
	at org.testng.TestRunner.run(TestRunner.java:587)
	at org.testng.SuiteRunner.runTest(SuiteRunner.java:384)
	at org.testng.SuiteRunner.runSequentially(SuiteRunner.java:378)
	at org.testng.SuiteRunner.privateRun(SuiteRunner.java:337)
	at org.testng.SuiteRunner.run(SuiteRunner.java:286)
	at org.testng.SuiteRunnerWorker.runSuite(SuiteRunnerWorker.java:53)
	at org.testng.SuiteRunnerWorker.run(SuiteRunnerWorker.java:96)
	at org.testng.TestNG.runSuitesSequentially(TestNG.java:1187)
	at org.testng.TestNG.runSuitesLocally(TestNG.java:1109)
	at org.testng.TestNG.runSuites(TestNG.java:1039)
	at org.testng.TestNG.run(TestNG.java:1007)
	at org.testng.remote.AbstractRemoteTestNG.run(AbstractRemoteTestNG.java:115)
	at org.testng.remote.RemoteTestNG.initAndRun(RemoteTestNG.java:251)
	at org.testng.remote.RemoteTestNG.main(RemoteTestNG.java:77)
</pre></div><a href='#' onClick='toggleBox("stack-trace412121842", this, "Click to show all stack frames", "Click to hide stack frames")'>Click to show all stack frames</a>
<div class='stack-trace' id='stack-trace412121842'><pre>java.lang.AssertionError: The following asserts failed:
	&quot;@type&quot; node is not present in the response body expected [true] but found [false],
	&quot;@type&quot; node is not present in the response body expected [true] but found [false]
	at com.Reports.ReportListner.onTestFailure(ReportListner.java:65)
	at org.testng.internal.TestListenerHelper.runTestListeners(TestListenerHelper.java:66)
	at org.testng.internal.TestInvoker.runTestResultListener(TestInvoker.java:219)
	at org.testng.internal.TestInvoker.invokeMethod(TestInvoker.java:651)
	at org.testng.internal.TestInvoker.invokeTestMethod(TestInvoker.java:173)
	at org.testng.internal.MethodRunner.runInSequence(MethodRunner.java:46)
	at org.testng.internal.TestInvoker$MethodInvocationAgent.invoke(TestInvoker.java:816)
	at org.testng.internal.TestInvoker.invokeTestMethods(TestInvoker.java:146)
	at org.testng.internal.TestMethodWorker.invokeTestMethods(TestMethodWorker.java:146)
	at org.testng.internal.TestMethodWorker.run(TestMethodWorker.java:128)
	at java.base/java.util.ArrayList.forEach(ArrayList.java:1510)
	at org.testng.TestRunner.privateRun(TestRunner.java:766)
	at org.testng.TestRunner.run(TestRunner.java:587)
	at org.testng.SuiteRunner.runTest(SuiteRunner.java:384)
	at org.testng.SuiteRunner.runSequentially(SuiteRunner.java:378)
	at org.testng.SuiteRunner.privateRun(SuiteRunner.java:337)
	at org.testng.SuiteRunner.run(SuiteRunner.java:286)
	at org.testng.SuiteRunnerWorker.runSuite(SuiteRunnerWorker.java:53)
	at org.testng.SuiteRunnerWorker.run(SuiteRunnerWorker.java:96)
	at org.testng.TestNG.runSuitesSequentially(TestNG.java:1187)
	at org.testng.TestNG.runSuitesLocally(TestNG.java:1109)
	at org.testng.TestNG.runSuites(TestNG.java:1039)
	at org.testng.TestNG.run(TestNG.java:1007)
	at org.testng.remote.AbstractRemoteTestNG.run(AbstractRemoteTestNG.java:115)
	at org.testng.remote.RemoteTestNG.initAndRun(RemoteTestNG.java:251)
	at org.testng.remote.RemoteTestNG.main(RemoteTestNG.java:77)
</pre></div></td>
<td>0</td>
<td>com.User.UserApiTests@23282c25</td></tr>
<tr>
<td title='com.User.UserApiTests.POST_verifyOTP_Nodes()'><b>POST_verifyOTP_Nodes</b><br>Test class: com.User.UserApiTests<br>Test method: Verify userName&OTP API Nodes</td>
<td><div><pre>java.lang.AssertionError: The following asserts failed:
	&quot;is_guest&quot; node is not present in the response body expected [true] but found [false],
	&quot;full_name&quot; node is not present in the response body expected [true] but found [false],
	&quot;dob&quot; node is not present in the response body expected [true] but found [false],
	&quot;email&quot; node is not present in the response body expected [true] but found [false],
	&quot;gender&quot; node is not present in the response body expected [true] but found [false]
	at com.Reports.ReportListner.onTestFailure(ReportListner.java:65)
	at org.testng.internal.TestListenerHelper.runTestListeners(TestListenerHelper.java:66)
	at org.testng.internal.TestInvoker.runTestResultListener(TestInvoker.java:219)
	at org.testng.internal.TestInvoker.invokeMethod(TestInvoker.java:651)
	at org.testng.internal.TestInvoker.invokeTestMethod(TestInvoker.java:173)
	at org.testng.internal.MethodRunner.runInSequence(MethodRunner.java:46)
	at org.testng.internal.TestInvoker$MethodInvocationAgent.invoke(TestInvoker.java:816)
	at org.testng.internal.TestInvoker.invokeTestMethods(TestInvoker.java:146)
	at org.testng.internal.TestMethodWorker.invokeTestMethods(TestMethodWorker.java:146)
	at org.testng.internal.TestMethodWorker.run(TestMethodWorker.java:128)
	at java.base/java.util.ArrayList.forEach(ArrayList.java:1510)
	at org.testng.TestRunner.privateRun(TestRunner.java:766)
	at org.testng.TestRunner.run(TestRunner.java:587)
	at org.testng.SuiteRunner.runTest(SuiteRunner.java:384)
	at org.testng.SuiteRunner.runSequentially(SuiteRunner.java:378)
	at org.testng.SuiteRunner.privateRun(SuiteRunner.java:337)
	at org.testng.SuiteRunner.run(SuiteRunner.java:286)
	at org.testng.SuiteRunnerWorker.runSuite(SuiteRunnerWorker.java:53)
	at org.testng.SuiteRunnerWorker.run(SuiteRunnerWorker.java:96)
	at org.testng.TestNG.runSuitesSequentially(TestNG.java:1187)
	at org.testng.TestNG.runSuitesLocally(TestNG.java:1109)
	at org.testng.TestNG.runSuites(TestNG.java:1039)
	at org.testng.TestNG.run(TestNG.java:1007)
	at org.testng.remote.AbstractRemoteTestNG.run(AbstractRemoteTestNG.java:115)
	at org.testng.remote.RemoteTestNG.initAndRun(RemoteTestNG.java:251)
	at org.testng.remote.RemoteTestNG.main(RemoteTestNG.java:77)
</pre></div><a href='#' onClick='toggleBox("stack-trace176514124", this, "Click to show all stack frames", "Click to hide stack frames")'>Click to show all stack frames</a>
<div class='stack-trace' id='stack-trace176514124'><pre>java.lang.AssertionError: The following asserts failed:
	&quot;is_guest&quot; node is not present in the response body expected [true] but found [false],
	&quot;full_name&quot; node is not present in the response body expected [true] but found [false],
	&quot;dob&quot; node is not present in the response body expected [true] but found [false],
	&quot;email&quot; node is not present in the response body expected [true] but found [false],
	&quot;gender&quot; node is not present in the response body expected [true] but found [false]
	at com.Reports.ReportListner.onTestFailure(ReportListner.java:65)
	at org.testng.internal.TestListenerHelper.runTestListeners(TestListenerHelper.java:66)
	at org.testng.internal.TestInvoker.runTestResultListener(TestInvoker.java:219)
	at org.testng.internal.TestInvoker.invokeMethod(TestInvoker.java:651)
	at org.testng.internal.TestInvoker.invokeTestMethod(TestInvoker.java:173)
	at org.testng.internal.MethodRunner.runInSequence(MethodRunner.java:46)
	at org.testng.internal.TestInvoker$MethodInvocationAgent.invoke(TestInvoker.java:816)
	at org.testng.internal.TestInvoker.invokeTestMethods(TestInvoker.java:146)
	at org.testng.internal.TestMethodWorker.invokeTestMethods(TestMethodWorker.java:146)
	at org.testng.internal.TestMethodWorker.run(TestMethodWorker.java:128)
	at java.base/java.util.ArrayList.forEach(ArrayList.java:1510)
	at org.testng.TestRunner.privateRun(TestRunner.java:766)
	at org.testng.TestRunner.run(TestRunner.java:587)
	at org.testng.SuiteRunner.runTest(SuiteRunner.java:384)
	at org.testng.SuiteRunner.runSequentially(SuiteRunner.java:378)
	at org.testng.SuiteRunner.privateRun(SuiteRunner.java:337)
	at org.testng.SuiteRunner.run(SuiteRunner.java:286)
	at org.testng.SuiteRunnerWorker.runSuite(SuiteRunnerWorker.java:53)
	at org.testng.SuiteRunnerWorker.run(SuiteRunnerWorker.java:96)
	at org.testng.TestNG.runSuitesSequentially(TestNG.java:1187)
	at org.testng.TestNG.runSuitesLocally(TestNG.java:1109)
	at org.testng.TestNG.runSuites(TestNG.java:1039)
	at org.testng.TestNG.run(TestNG.java:1007)
	at org.testng.remote.AbstractRemoteTestNG.run(AbstractRemoteTestNG.java:115)
	at org.testng.remote.RemoteTestNG.initAndRun(RemoteTestNG.java:251)
	at org.testng.remote.RemoteTestNG.main(RemoteTestNG.java:77)
</pre></div></td>
<td>0</td>
<td>com.User.UserApiTests@23282c25</td></tr>
<tr>
<td title='com.User.UserApiTests.PUT_UpdateProfile_Nodes()'><b>PUT_UpdateProfile_Nodes</b><br>Test class: com.User.UserApiTests<br>Test method: Verify updateProfile API Nodes</td>
<td><div><pre>java.lang.AssertionError: The following asserts failed:
	&quot;profile_picture&quot; node is not present in the response body expected [true] but found [false],
	&quot;under18&quot; node is not present in the response body expected [true] but found [false],
	&quot;is_guest&quot; node is not present in the response body expected [true] but found [false],
	&quot;bank_details&quot; node is not present in the response body expected [true] but found [false],
	&quot;@type&quot; node is not present in the response body expected [true] but found [false],
	&quot;bank_account_full_name&quot; node is not present in the response body expected [true] but found [false],
	&quot;accountType&quot; node is not present in the response body expected [true] but found [false],
	&quot;accountNumber&quot; node is not present in the response body expected [true] but found [false],
	&quot;ifscCode&quot; node is not present in the response body expected [true] but found [false],
	&quot;mobile&quot; node is not present in the response body expected [true] but found [false],
	&quot;created_at&quot; node is not present in the response body expected [true] but found [false],
	&quot;upi_details&quot; node is not present in the response body expected [true] but found [false],
	&quot;@type&quot; node is not present in the response body expected [true] but found [false],
	&quot;upi&quot; node is not present in the response body expected [true] but found [false],
	&quot;user_id&quot; node is not present in the response body expected [true] but found [false],
	&quot;username&quot; node is not present in the response body expected [true] but found [false],
	&quot;display_language&quot; node is not present in the response body expected [true] but found [false],
	&quot;full_name&quot; node is not present in the response body expected [true] but found [false],
	&quot;dob&quot; node is not present in the response body expected [true] but found [false],
	&quot;email&quot; node is not present in the response body expected [true] but found [false],
	&quot;gender&quot; node is not present in the response body expected [true] but found [false]
	at com.Reports.ReportListner.onTestFailure(ReportListner.java:65)
	at org.testng.internal.TestListenerHelper.runTestListeners(TestListenerHelper.java:66)
	at org.testng.internal.TestInvoker.runTestResultListener(TestInvoker.java:219)
	at org.testng.internal.TestInvoker.invokeMethod(TestInvoker.java:651)
	at org.testng.internal.TestInvoker.invokeTestMethod(TestInvoker.java:173)
	at org.testng.internal.MethodRunner.runInSequence(MethodRunner.java:46)
	at org.testng.internal.TestInvoker$MethodInvocationAgent.invoke(TestInvoker.java:816)
	at org.testng.internal.TestInvoker.invokeTestMethods(TestInvoker.java:146)
	at org.testng.internal.TestMethodWorker.invokeTestMethods(TestMethodWorker.java:146)
	at org.testng.internal.TestMethodWorker.run(TestMethodWorker.java:128)
	at java.base/java.util.ArrayList.forEach(ArrayList.java:1510)
	at org.testng.TestRunner.privateRun(TestRunner.java:766)
	at org.testng.TestRunner.run(TestRunner.java:587)
	at org.testng.SuiteRunner.runTest(SuiteRunner.java:384)
	at org.testng.SuiteRunner.runSequentially(SuiteRunner.java:378)
	at org.testng.SuiteRunner.privateRun(SuiteRunner.java:337)
	at org.testng.SuiteRunner.run(SuiteRunner.java:286)
	at org.testng.SuiteRunnerWorker.runSuite(SuiteRunnerWorker.java:53)
	at org.testng.SuiteRunnerWorker.run(SuiteRunnerWorker.java:96)
	at org.testng.TestNG.runSuitesSequentially(TestNG.java:1187)
	at org.testng.TestNG.runSuitesLocally(TestNG.java:1109)
	at org.testng.TestNG.runSuites(TestNG.java:1039)
	at org.testng.TestNG.run(TestNG.java:1007)
	at org.testng.remote.AbstractRemoteTestNG.run(AbstractRemoteTestNG.java:115)
	at org.testng.remote.RemoteTestNG.initAndRun(RemoteTestNG.java:251)
	at org.testng.remote.RemoteTestNG.main(RemoteTestNG.java:77)
</pre></div><a href='#' onClick='toggleBox("stack-trace2067578478", this, "Click to show all stack frames", "Click to hide stack frames")'>Click to show all stack frames</a>
<div class='stack-trace' id='stack-trace2067578478'><pre>java.lang.AssertionError: The following asserts failed:
	&quot;profile_picture&quot; node is not present in the response body expected [true] but found [false],
	&quot;under18&quot; node is not present in the response body expected [true] but found [false],
	&quot;is_guest&quot; node is not present in the response body expected [true] but found [false],
	&quot;bank_details&quot; node is not present in the response body expected [true] but found [false],
	&quot;@type&quot; node is not present in the response body expected [true] but found [false],
	&quot;bank_account_full_name&quot; node is not present in the response body expected [true] but found [false],
	&quot;accountType&quot; node is not present in the response body expected [true] but found [false],
	&quot;accountNumber&quot; node is not present in the response body expected [true] but found [false],
	&quot;ifscCode&quot; node is not present in the response body expected [true] but found [false],
	&quot;mobile&quot; node is not present in the response body expected [true] but found [false],
	&quot;created_at&quot; node is not present in the response body expected [true] but found [false],
	&quot;upi_details&quot; node is not present in the response body expected [true] but found [false],
	&quot;@type&quot; node is not present in the response body expected [true] but found [false],
	&quot;upi&quot; node is not present in the response body expected [true] but found [false],
	&quot;user_id&quot; node is not present in the response body expected [true] but found [false],
	&quot;username&quot; node is not present in the response body expected [true] but found [false],
	&quot;display_language&quot; node is not present in the response body expected [true] but found [false],
	&quot;full_name&quot; node is not present in the response body expected [true] but found [false],
	&quot;dob&quot; node is not present in the response body expected [true] but found [false],
	&quot;email&quot; node is not present in the response body expected [true] but found [false],
	&quot;gender&quot; node is not present in the response body expected [true] but found [false]
	at com.Reports.ReportListner.onTestFailure(ReportListner.java:65)
	at org.testng.internal.TestListenerHelper.runTestListeners(TestListenerHelper.java:66)
	at org.testng.internal.TestInvoker.runTestResultListener(TestInvoker.java:219)
	at org.testng.internal.TestInvoker.invokeMethod(TestInvoker.java:651)
	at org.testng.internal.TestInvoker.invokeTestMethod(TestInvoker.java:173)
	at org.testng.internal.MethodRunner.runInSequence(MethodRunner.java:46)
	at org.testng.internal.TestInvoker$MethodInvocationAgent.invoke(TestInvoker.java:816)
	at org.testng.internal.TestInvoker.invokeTestMethods(TestInvoker.java:146)
	at org.testng.internal.TestMethodWorker.invokeTestMethods(TestMethodWorker.java:146)
	at org.testng.internal.TestMethodWorker.run(TestMethodWorker.java:128)
	at java.base/java.util.ArrayList.forEach(ArrayList.java:1510)
	at org.testng.TestRunner.privateRun(TestRunner.java:766)
	at org.testng.TestRunner.run(TestRunner.java:587)
	at org.testng.SuiteRunner.runTest(SuiteRunner.java:384)
	at org.testng.SuiteRunner.runSequentially(SuiteRunner.java:378)
	at org.testng.SuiteRunner.privateRun(SuiteRunner.java:337)
	at org.testng.SuiteRunner.run(SuiteRunner.java:286)
	at org.testng.SuiteRunnerWorker.runSuite(SuiteRunnerWorker.java:53)
	at org.testng.SuiteRunnerWorker.run(SuiteRunnerWorker.java:96)
	at org.testng.TestNG.runSuitesSequentially(TestNG.java:1187)
	at org.testng.TestNG.runSuitesLocally(TestNG.java:1109)
	at org.testng.TestNG.runSuites(TestNG.java:1039)
	at org.testng.TestNG.run(TestNG.java:1007)
	at org.testng.remote.AbstractRemoteTestNG.run(AbstractRemoteTestNG.java:115)
	at org.testng.remote.RemoteTestNG.initAndRun(RemoteTestNG.java:251)
	at org.testng.remote.RemoteTestNG.main(RemoteTestNG.java:77)
</pre></div></td>
<td>0</td>
<td>com.User.UserApiTests@23282c25</td></tr>
<tr>
<td title='com.User.UserApiTests.PUT_UpdateUpiDetails_Nodes()'><b>PUT_UpdateUpiDetails_Nodes</b><br>Test class: com.User.UserApiTests<br>Test method: Verify UpdateUpiDetails API Nodes</td>
<td><div><pre>java.lang.AssertionError: The following asserts failed:
	&quot;upi_details&quot; node is not present in the response body expected [true] but found [false],
	&quot;upi&quot; node is not present in the response body expected [true] but found [false]
	at com.Reports.ReportListner.onTestFailure(ReportListner.java:65)
	at org.testng.internal.TestListenerHelper.runTestListeners(TestListenerHelper.java:66)
	at org.testng.internal.TestInvoker.runTestResultListener(TestInvoker.java:219)
	at org.testng.internal.TestInvoker.invokeMethod(TestInvoker.java:651)
	at org.testng.internal.TestInvoker.invokeTestMethod(TestInvoker.java:173)
	at org.testng.internal.MethodRunner.runInSequence(MethodRunner.java:46)
	at org.testng.internal.TestInvoker$MethodInvocationAgent.invoke(TestInvoker.java:816)
	at org.testng.internal.TestInvoker.invokeTestMethods(TestInvoker.java:146)
	at org.testng.internal.TestMethodWorker.invokeTestMethods(TestMethodWorker.java:146)
	at org.testng.internal.TestMethodWorker.run(TestMethodWorker.java:128)
	at java.base/java.util.ArrayList.forEach(ArrayList.java:1510)
	at org.testng.TestRunner.privateRun(TestRunner.java:766)
	at org.testng.TestRunner.run(TestRunner.java:587)
	at org.testng.SuiteRunner.runTest(SuiteRunner.java:384)
	at org.testng.SuiteRunner.runSequentially(SuiteRunner.java:378)
	at org.testng.SuiteRunner.privateRun(SuiteRunner.java:337)
	at org.testng.SuiteRunner.run(SuiteRunner.java:286)
	at org.testng.SuiteRunnerWorker.runSuite(SuiteRunnerWorker.java:53)
	at org.testng.SuiteRunnerWorker.run(SuiteRunnerWorker.java:96)
	at org.testng.TestNG.runSuitesSequentially(TestNG.java:1187)
	at org.testng.TestNG.runSuitesLocally(TestNG.java:1109)
	at org.testng.TestNG.runSuites(TestNG.java:1039)
	at org.testng.TestNG.run(TestNG.java:1007)
	at org.testng.remote.AbstractRemoteTestNG.run(AbstractRemoteTestNG.java:115)
	at org.testng.remote.RemoteTestNG.initAndRun(RemoteTestNG.java:251)
	at org.testng.remote.RemoteTestNG.main(RemoteTestNG.java:77)
</pre></div><a href='#' onClick='toggleBox("stack-trace1507174141", this, "Click to show all stack frames", "Click to hide stack frames")'>Click to show all stack frames</a>
<div class='stack-trace' id='stack-trace1507174141'><pre>java.lang.AssertionError: The following asserts failed:
	&quot;upi_details&quot; node is not present in the response body expected [true] but found [false],
	&quot;upi&quot; node is not present in the response body expected [true] but found [false]
	at com.Reports.ReportListner.onTestFailure(ReportListner.java:65)
	at org.testng.internal.TestListenerHelper.runTestListeners(TestListenerHelper.java:66)
	at org.testng.internal.TestInvoker.runTestResultListener(TestInvoker.java:219)
	at org.testng.internal.TestInvoker.invokeMethod(TestInvoker.java:651)
	at org.testng.internal.TestInvoker.invokeTestMethod(TestInvoker.java:173)
	at org.testng.internal.MethodRunner.runInSequence(MethodRunner.java:46)
	at org.testng.internal.TestInvoker$MethodInvocationAgent.invoke(TestInvoker.java:816)
	at org.testng.internal.TestInvoker.invokeTestMethods(TestInvoker.java:146)
	at org.testng.internal.TestMethodWorker.invokeTestMethods(TestMethodWorker.java:146)
	at org.testng.internal.TestMethodWorker.run(TestMethodWorker.java:128)
	at java.base/java.util.ArrayList.forEach(ArrayList.java:1510)
	at org.testng.TestRunner.privateRun(TestRunner.java:766)
	at org.testng.TestRunner.run(TestRunner.java:587)
	at org.testng.SuiteRunner.runTest(SuiteRunner.java:384)
	at org.testng.SuiteRunner.runSequentially(SuiteRunner.java:378)
	at org.testng.SuiteRunner.privateRun(SuiteRunner.java:337)
	at org.testng.SuiteRunner.run(SuiteRunner.java:286)
	at org.testng.SuiteRunnerWorker.runSuite(SuiteRunnerWorker.java:53)
	at org.testng.SuiteRunnerWorker.run(SuiteRunnerWorker.java:96)
	at org.testng.TestNG.runSuitesSequentially(TestNG.java:1187)
	at org.testng.TestNG.runSuitesLocally(TestNG.java:1109)
	at org.testng.TestNG.runSuites(TestNG.java:1039)
	at org.testng.TestNG.run(TestNG.java:1007)
	at org.testng.remote.AbstractRemoteTestNG.run(AbstractRemoteTestNG.java:115)
	at org.testng.remote.RemoteTestNG.initAndRun(RemoteTestNG.java:251)
	at org.testng.remote.RemoteTestNG.main(RemoteTestNG.java:77)
</pre></div></td>
<td>0</td>
<td>com.User.UserApiTests@23282c25</td></tr>
</table><p>
<table width='100%' border='1' class='invocation-passed'>
<tr><td colspan='4' align='center'><b>PASSED TESTS</b></td></tr>
<tr><td><b>Test method</b></td>
<td width="30%"><b>Exception</b></td>
<td width="10%"><b>Time (seconds)</b></td>
<td><b>Instance</b></td>
</tr>
<tr>
<td title='com.User.UserApiTests.GET_BankDetails_StatusCode_Time()'><b>GET_BankDetails_StatusCode_Time</b><br>Test class: com.User.UserApiTests<br>Test method: Verify GetBankDetails API StatusCode, Response Time</td>
<td></td>
<td>0</td>
<td>com.User.UserApiTests@23282c25</td></tr>
<tr>
<td title='com.User.UserApiTests.GET_GetPreference_Nodes()'><b>GET_GetPreference_Nodes</b><br>Test class: com.User.UserApiTests<br>Test method: Verify getPreference API Nodes</td>
<td></td>
<td>0</td>
<td>com.User.UserApiTests@23282c25</td></tr>
<tr>
<td title='com.User.UserApiTests.GET_OtherUserProfile_Nodes()'><b>GET_OtherUserProfile_Nodes</b><br>Test class: com.User.UserApiTests<br>Test method: Verify getOtherUserProfile API Nodes</td>
<td></td>
<td>0</td>
<td>com.User.UserApiTests@23282c25</td></tr>
<tr>
<td title='com.User.UserApiTests.GET_OtherUserProfile_StatusCode_Time()'><b>GET_OtherUserProfile_StatusCode_Time</b><br>Test class: com.User.UserApiTests<br>Test method: Verify getOtherUserProfile API StatusCode, Response Time</td>
<td></td>
<td>0</td>
<td>com.User.UserApiTests@23282c25</td></tr>
<tr>
<td title='com.User.UserApiTests.GET_UsersFollowingMe()'><b>GET_UsersFollowingMe</b><br>Test class: com.User.UserApiTests<br>Test method: Verify UsersFollowingMe API Nodes </td>
<td></td>
<td>0</td>
<td>com.User.UserApiTests@23282c25</td></tr>
<tr>
<td title='com.User.UserApiTests.GET_UsersFollowingMe_StatusCode_Time()'><b>GET_UsersFollowingMe_StatusCode_Time</b><br>Test class: com.User.UserApiTests<br>Test method: Verify UsersFollowingMe API StatusCode, Response Time</td>
<td></td>
<td>0</td>
<td>com.User.UserApiTests@23282c25</td></tr>
<tr>
<td title='com.User.UserApiTests.GET_getProfile_Nodes()'><b>GET_getProfile_Nodes</b><br>Test class: com.User.UserApiTests<br>Test method: Verify getProfile API Nodes</td>
<td></td>
<td>0</td>
<td>com.User.UserApiTests@23282c25</td></tr>
<tr>
<td title='com.User.UserApiTests.GET_getProfile_StatusCode_Time()'><b>GET_getProfile_StatusCode_Time</b><br>Test class: com.User.UserApiTests<br>Test method: Verify getProfile API StatusCode, Response Time</td>
<td></td>
<td>0</td>
<td>com.User.UserApiTests@23282c25</td></tr>
<tr>
<td title='com.User.UserApiTests.POST_CreateAUser_Nodes()'><b>POST_CreateAUser_Nodes</b><br>Test class: com.User.UserApiTests<br>Test method: Verify createUser API Nodes</td>
<td></td>
<td>2</td>
<td>com.User.UserApiTests@23282c25</td></tr>
<tr>
<td title='com.User.UserApiTests.POST_DeleteBankDetails_StatusCode_Time()'><b>POST_DeleteBankDetails_StatusCode_Time</b><br>Test class: com.User.UserApiTests<br>Test method: Verify DeleteBankDetails API StatusCode, Response Time</td>
<td></td>
<td>0</td>
<td>com.User.UserApiTests@23282c25</td></tr>
<tr>
<td title='com.User.UserApiTests.POST_DeleteUpiDetails_Nodes()'><b>POST_DeleteUpiDetails_Nodes</b><br>Test class: com.User.UserApiTests<br>Test method: Verify DeleteUpiDetails API Nodes</td>
<td></td>
<td>0</td>
<td>com.User.UserApiTests@23282c25</td></tr>
<tr>
<td title='com.User.UserApiTests.POST_DeleteUpiDetails_StatusCode_Time()'><b>POST_DeleteUpiDetails_StatusCode_Time</b><br>Test class: com.User.UserApiTests<br>Test method: Verify DeleteUpiDetails API StatusCode, Response Time</td>
<td></td>
<td>0</td>
<td>com.User.UserApiTests@23282c25</td></tr>
<tr>
<td title='com.User.UserApiTests.POST_FollowUser_Nodes()'><b>POST_FollowUser_Nodes</b><br>Test class: com.User.UserApiTests<br>Test method: Verify FollowUser API Nodes</td>
<td></td>
<td>0</td>
<td>com.User.UserApiTests@23282c25</td></tr>
<tr>
<td title='com.User.UserApiTests.POST_FollowUser_StatusCode_time()'><b>POST_FollowUser_StatusCode_time</b><br>Test class: com.User.UserApiTests<br>Test method: Verify FollowUser API StatusCode, Response Time</td>
<td></td>
<td>0</td>
<td>com.User.UserApiTests@23282c25</td></tr>
<tr>
<td title='com.User.UserApiTests.POST_UnfollowUser_Nodes()'><b>POST_UnfollowUser_Nodes</b><br>Test class: com.User.UserApiTests<br>Test method: Verify UnfollowUser API Nodes</td>
<td></td>
<td>0</td>
<td>com.User.UserApiTests@23282c25</td></tr>
<tr>
<td title='com.User.UserApiTests.POST_UnfollowUser_StatusCode_Time()'><b>POST_UnfollowUser_StatusCode_Time</b><br>Test class: com.User.UserApiTests<br>Test method: Verify UnfollowUser API StatusCode, Response Time</td>
<td></td>
<td>0</td>
<td>com.User.UserApiTests@23282c25</td></tr>
<tr>
<td title='com.User.UserApiTests.POST_verifyOTP_StatusCode_Time()'><b>POST_verifyOTP_StatusCode_Time</b><br>Test class: com.User.UserApiTests<br>Test method: Verify userName&OTP API Response Code, ResponseTime</td>
<td></td>
<td>0</td>
<td>com.User.UserApiTests@23282c25</td></tr>
<tr>
<td title='com.User.UserApiTests.PUT_UpdateBankDetails_Nodes()'><b>PUT_UpdateBankDetails_Nodes</b><br>Test class: com.User.UserApiTests<br>Test method: Verify UpdateBankDetails API Nodes</td>
<td></td>
<td>0</td>
<td>com.User.UserApiTests@23282c25</td></tr>
<tr>
<td title='com.User.UserApiTests.PUT_UpdateBankDetails_StatusCode_Time()'><b>PUT_UpdateBankDetails_StatusCode_Time</b><br>Test class: com.User.UserApiTests<br>Test method: Verify UpdateBankDetails API StatusCode, Response Time</td>
<td></td>
<td>0</td>
<td>com.User.UserApiTests@23282c25</td></tr>
<tr>
<td title='com.User.UserApiTests.PUT_UpdatePreference_Nodes()'><b>PUT_UpdatePreference_Nodes</b><br>Test class: com.User.UserApiTests<br>Test method: Verify updatePreference API Nodes</td>
<td></td>
<td>0</td>
<td>com.User.UserApiTests@23282c25</td></tr>
<tr>
<td title='com.User.UserApiTests.PUT_UpdatePreferences_StatusCode_Time()'><b>PUT_UpdatePreferences_StatusCode_Time</b><br>Test class: com.User.UserApiTests<br>Test method: Verify updatePreference API StatusCode, Response Time</td>
<td></td>
<td>0</td>
<td>com.User.UserApiTests@23282c25</td></tr>
<tr>
<td title='com.User.UserApiTests.PUT_UpdateProfileImage_Nodes()'><b>PUT_UpdateProfileImage_Nodes</b><br>Test class: com.User.UserApiTests<br>Test method: Verify updateProfileImage API Nodes</td>
<td></td>
<td>0</td>
<td>com.User.UserApiTests@23282c25</td></tr>
<tr>
<td title='com.User.UserApiTests.PUT_UpdateProfileImage_StatusCode_Time()'><b>PUT_UpdateProfileImage_StatusCode_Time</b><br>Test class: com.User.UserApiTests<br>Test method: Verify updateProfileImage API StatusCode, Response Time</td>
<td></td>
<td>0</td>
<td>com.User.UserApiTests@23282c25</td></tr>
<tr>
<td title='com.User.UserApiTests.PUT_UpdateProfile_StatusCode_Time()'><b>PUT_UpdateProfile_StatusCode_Time</b><br>Test class: com.User.UserApiTests<br>Test method: Verify updateProfile API StatusCode, Response Time</td>
<td></td>
<td>0</td>
<td>com.User.UserApiTests@23282c25</td></tr>
<tr>
<td title='com.User.UserApiTests.PUT_UpdateUpiDetails_StatusCode_Time()'><b>PUT_UpdateUpiDetails_StatusCode_Time</b><br>Test class: com.User.UserApiTests<br>Test method: Verify UpdateUpiDetails API StatusCode, Response Time</td>
<td></td>
<td>0</td>
<td>com.User.UserApiTests@23282c25</td></tr>
</table><p>
</body>
</html>