<!DOCTYPE html PUBLIC "-//W3C//DTD XHTML 1.1//EN" "http://www.w3.org/TR/xhtml11/DTD/xhtml11.dtd">
<html xmlns="http://www.w3.org/1999/xhtml">
<head>
<meta http-equiv="content-type" content="text/html; charset=UTF-8"/>
<title>TestNG Report</title>
<style type="text/css">table {margin-bottom:10px;border-collapse:collapse;empty-cells:show}th,td {border:1px solid #009;padding:.25em .5em}th {vertical-align:bottom}td {vertical-align:top}table a {font-weight:bold}.stripe td {background-color: #E6EBF9}.num {text-align:right}.passedodd td {background-color: #3F3}.passedeven td {background-color: #0A0}.skippedodd td {background-color: #DDD}.skippedeven td {background-color: #CCC}.failedodd td,.attn {background-color: #F33}.failedeven td,.stripe .attn {background-color: #D00}.stacktrace {white-space:pre;font-family:monospace}.totop {font-size:85%;text-align:center;border-bottom:2px solid #000}.invisible {display:none}</style>
</head>
<body>
<table>
<tr><th>Test</th><th># Passed</th><th># Skipped</th><th># Retried</th><th># Failed</th><th>Time (ms)</th><th>Included Groups</th><th>Excluded Groups</th></tr>
<tr><th colspan="8">Default suite</th></tr>
<tr><td><a href="#t0">Default test</a></td><td class="num">25</td><td class="num">0</td><td class="num">0</td><td class="num attn">7</td><td class="num">12,857</td><td></td><td></td></tr>
</table>
<table id='summary'><thead><tr><th>Class</th><th>Method</th><th>Start</th><th>Time (ms)</th></tr></thead><tbody><tr><th colspan="4">Default suite</th></tr></tbody><tbody id="t0"><tr><th colspan="4">Default test &#8212; failed</th></tr><tr class="failedeven"><td rowspan="7">com.User.UserApiTests</td><td><a href="#m0">GET_BankDetails_Nodes</a></td><td rowspan="1">1596526404481</td><td rowspan="1">222</td></tr><tr class="failedeven"><td><a href="#m1">GET_GetPreference_StatusCode_Time</a></td><td rowspan="1">1596526398313</td><td rowspan="1">573</td></tr><tr class="failedeven"><td><a href="#m2">POST_CreateAUser_StatusCode_Time</a></td><td rowspan="1">1596526396550</td><td rowspan="1">925</td></tr><tr class="failedeven"><td><a href="#m3">POST_DeleteBankDetails_Nodes</a></td><td rowspan="1">1596526404891</td><td rowspan="1">236</td></tr><tr class="failedeven"><td><a href="#m4">POST_verifyOTP_Nodes</a></td><td rowspan="1">1596526397481</td><td rowspan="1">289</td></tr><tr class="failedeven"><td><a href="#m5">PUT_UpdateProfile_Nodes</a></td><td rowspan="1">1596526403463</td><td rowspan="1">284</td></tr><tr class="failedeven"><td><a href="#m6">PUT_UpdateUpiDetails_Nodes</a></td><td rowspan="1">1596526404031</td><td rowspan="1">227</td></tr><tr><th colspan="4">Default test &#8212; passed</th></tr><tr class="passedeven"><td rowspan="25">com.User.UserApiTests</td><td><a href="#m7">GET_BankDetails_StatusCode_Time</a></td><td rowspan="1">1596526404704</td><td rowspan="1">186</td></tr><tr class="passedeven"><td><a href="#m8">GET_GetPreference_Nodes</a></td><td rowspan="1">1596526398073</td><td rowspan="1">239</td></tr><tr class="passedeven"><td><a href="#m9">GET_OtherUserProfile_Nodes</a></td><td rowspan="1">1596526398890</td><td rowspan="1">864</td></tr><tr class="passedeven"><td><a href="#m10">GET_OtherUserProfile_StatusCode_Time</a></td><td rowspan="1">1596526399755</td><td rowspan="1">495</td></tr><tr class="passedeven"><td><a href="#m11">GET_UsersFollowingMe</a></td><td rowspan="1">1596526400252</td><td rowspan="1">535</td></tr><tr class="passedeven"><td><a href="#m12">GET_UsersFollowingMe_StatusCode_Time</a></td><td rowspan="1">1596526400788</td><td rowspan="1">239</td></tr><tr class="passedeven"><td><a href="#m13">GET_getProfile_Nodes</a></td><td rowspan="1">1596526401029</td><td rowspan="1">303</td></tr><tr class="passedeven"><td><a href="#m14">GET_getProfile_StatusCode_Time</a></td><td rowspan="1">1596526401334</td><td rowspan="1">328</td></tr><tr class="passedeven"><td><a href="#m15">POST_CreateAUser_Nodes</a></td><td rowspan="1">1596526394005</td><td rowspan="1">2542</td></tr><tr class="passedeven"><td><a href="#m16">POST_DeleteBankDetails_StatusCode_Time</a></td><td rowspan="1">1596526405131</td><td rowspan="1">282</td></tr><tr class="passedeven"><td><a href="#m17">POST_DeleteUpiDetails_Nodes</a></td><td rowspan="1">1596526405415</td><td rowspan="1">220</td></tr><tr class="passedeven"><td><a href="#m18">POST_DeleteUpiDetails_StatusCode_Time</a></td><td rowspan="1">1596526405637</td><td rowspan="1">213</td></tr><tr class="passedeven"><td><a href="#m19">POST_FollowUser_Nodes</a></td><td rowspan="1">1596526406299</td><td rowspan="1">203</td></tr><tr class="passedeven"><td><a href="#m20">POST_FollowUser_StatusCode_time</a></td><td rowspan="1">1596526406504</td><td rowspan="1">218</td></tr><tr class="passedeven"><td><a href="#m21">POST_UnfollowUser_Nodes</a></td><td rowspan="1">1596526405851</td><td rowspan="1">209</td></tr><tr class="passedeven"><td><a href="#m22">POST_UnfollowUser_StatusCode_Time</a></td><td rowspan="1">1596526406061</td><td rowspan="1">235</td></tr><tr class="passedeven"><td><a href="#m23">POST_verifyOTP_StatusCode_Time</a></td><td rowspan="1">1596526397772</td><td rowspan="1">300</td></tr><tr class="passedeven"><td><a href="#m24">PUT_UpdateBankDetails_Nodes</a></td><td rowspan="1">1596526401664</td><td rowspan="1">216</td></tr><tr class="passedeven"><td><a href="#m25">PUT_UpdateBankDetails_StatusCode_Time</a></td><td rowspan="1">1596526401882</td><td rowspan="1">245</td></tr><tr class="passedeven"><td><a href="#m26">PUT_UpdatePreference_Nodes</a></td><td rowspan="1">1596526402129</td><td rowspan="1">247</td></tr><tr class="passedeven"><td><a href="#m27">PUT_UpdatePreferences_StatusCode_Time</a></td><td rowspan="1">1596526402378</td><td rowspan="1">264</td></tr><tr class="passedeven"><td><a href="#m28">PUT_UpdateProfileImage_Nodes</a></td><td rowspan="1">1596526402644</td><td rowspan="1">364</td></tr><tr class="passedeven"><td><a href="#m29">PUT_UpdateProfileImage_StatusCode_Time</a></td><td rowspan="1">1596526403010</td><td rowspan="1">451</td></tr><tr class="passedeven"><td><a href="#m30">PUT_UpdateProfile_StatusCode_Time</a></td><td rowspan="1">1596526403754</td><td rowspan="1">275</td></tr><tr class="passedeven"><td><a href="#m31">PUT_UpdateUpiDetails_StatusCode_Time</a></td><td rowspan="1">1596526404264</td><td rowspan="1">215</td></tr></tbody>
</table>
<h2>Default test</h2><h3 id="m0">com.User.UserApiTests#GET_BankDetails_Nodes</h3><table class="result"><tr><th>Exception</th></tr><tr><td><div class="stacktrace">java.lang.AssertionError: The following asserts failed:
	&quot;bank_account_full_name&quot; node is not present in the response body expected [true] but found [false],
	&quot;accountNumber&quot; node is not present in the response body expected [true] but found [false],
	ifscCode node is not present in the response body expected [true] but found [false],
	accountType node is not present in the response body expected [true] but found [false]
	at com.Reports.ReportListner.onTestFailure(ReportListner.java:65)
	at org.testng.internal.TestListenerHelper.runTestListeners(TestListenerHelper.java:66)
	at org.testng.internal.TestInvoker.runTestResultListener(TestInvoker.java:219)
	at org.testng.internal.TestInvoker.invokeMethod(TestInvoker.java:651)
	at org.testng.internal.TestInvoker.invokeTestMethod(TestInvoker.java:173)
	at org.testng.internal.MethodRunner.runInSequence(MethodRunner.java:46)
	at org.testng.internal.TestInvoker$MethodInvocationAgent.invoke(TestInvoker.java:816)
	at org.testng.internal.TestInvoker.invokeTestMethods(TestInvoker.java:146)
	at org.testng.internal.TestMethodWorker.invokeTestMethods(TestMethodWorker.java:146)
	at org.testng.internal.TestMethodWorker.run(TestMethodWorker.java:128)
	at java.base/java.util.ArrayList.forEach(ArrayList.java:1510)
	at org.testng.TestRunner.privateRun(TestRunner.java:766)
	at org.testng.TestRunner.run(TestRunner.java:587)
	at org.testng.SuiteRunner.runTest(SuiteRunner.java:384)
	at org.testng.SuiteRunner.runSequentially(SuiteRunner.java:378)
	at org.testng.SuiteRunner.privateRun(SuiteRunner.java:337)
	at org.testng.SuiteRunner.run(SuiteRunner.java:286)
	at org.testng.SuiteRunnerWorker.runSuite(SuiteRunnerWorker.java:53)
	at org.testng.SuiteRunnerWorker.run(SuiteRunnerWorker.java:96)
	at org.testng.TestNG.runSuitesSequentially(TestNG.java:1187)
	at org.testng.TestNG.runSuitesLocally(TestNG.java:1109)
	at org.testng.TestNG.runSuites(TestNG.java:1039)
	at org.testng.TestNG.run(TestNG.java:1007)
	at org.testng.remote.AbstractRemoteTestNG.run(AbstractRemoteTestNG.java:115)
	at org.testng.remote.RemoteTestNG.initAndRun(RemoteTestNG.java:251)
	at org.testng.remote.RemoteTestNG.main(RemoteTestNG.java:77)
</div></td></tr></table><p class="totop"><a href="#summary">back to summary</a></p>
<h3 id="m1">com.User.UserApiTests#GET_GetPreference_StatusCode_Time</h3><table class="result"><tr><th>Exception</th></tr><tr><td><div class="stacktrace">java.lang.AssertionError: Time allocated 559ms is greater than expected time 500ms expected [true] but found [false]
	at com.Reports.ReportListner.onTestFailure(ReportListner.java:65)
	at org.testng.internal.TestListenerHelper.runTestListeners(TestListenerHelper.java:66)
	at org.testng.internal.TestInvoker.runTestResultListener(TestInvoker.java:219)
	at org.testng.internal.TestInvoker.invokeMethod(TestInvoker.java:651)
	at org.testng.internal.TestInvoker.invokeTestMethod(TestInvoker.java:173)
	at org.testng.internal.MethodRunner.runInSequence(MethodRunner.java:46)
	at org.testng.internal.TestInvoker$MethodInvocationAgent.invoke(TestInvoker.java:816)
	at org.testng.internal.TestInvoker.invokeTestMethods(TestInvoker.java:146)
	at org.testng.internal.TestMethodWorker.invokeTestMethods(TestMethodWorker.java:146)
	at org.testng.internal.TestMethodWorker.run(TestMethodWorker.java:128)
	at java.base/java.util.ArrayList.forEach(ArrayList.java:1510)
	at org.testng.TestRunner.privateRun(TestRunner.java:766)
	at org.testng.TestRunner.run(TestRunner.java:587)
	at org.testng.SuiteRunner.runTest(SuiteRunner.java:384)
	at org.testng.SuiteRunner.runSequentially(SuiteRunner.java:378)
	at org.testng.SuiteRunner.privateRun(SuiteRunner.java:337)
	at org.testng.SuiteRunner.run(SuiteRunner.java:286)
	at org.testng.SuiteRunnerWorker.runSuite(SuiteRunnerWorker.java:53)
	at org.testng.SuiteRunnerWorker.run(SuiteRunnerWorker.java:96)
	at org.testng.TestNG.runSuitesSequentially(TestNG.java:1187)
	at org.testng.TestNG.runSuitesLocally(TestNG.java:1109)
	at org.testng.TestNG.runSuites(TestNG.java:1039)
	at org.testng.TestNG.run(TestNG.java:1007)
	at org.testng.remote.AbstractRemoteTestNG.run(AbstractRemoteTestNG.java:115)
	at org.testng.remote.RemoteTestNG.initAndRun(RemoteTestNG.java:251)
	at org.testng.remote.RemoteTestNG.main(RemoteTestNG.java:77)
</div></td></tr></table><p class="totop"><a href="#summary">back to summary</a></p>
<h3 id="m2">com.User.UserApiTests#POST_CreateAUser_StatusCode_Time</h3><table class="result"><tr><th>Exception</th></tr><tr><td><div class="stacktrace">java.lang.AssertionError: Time allocated 869ms is greater than expected time 500ms expected [true] but found [false]
	at com.Reports.ReportListner.onTestFailure(ReportListner.java:65)
	at org.testng.internal.TestListenerHelper.runTestListeners(TestListenerHelper.java:66)
	at org.testng.internal.TestInvoker.runTestResultListener(TestInvoker.java:219)
	at org.testng.internal.TestInvoker.invokeMethod(TestInvoker.java:651)
	at org.testng.internal.TestInvoker.invokeTestMethod(TestInvoker.java:173)
	at org.testng.internal.MethodRunner.runInSequence(MethodRunner.java:46)
	at org.testng.internal.TestInvoker$MethodInvocationAgent.invoke(TestInvoker.java:816)
	at org.testng.internal.TestInvoker.invokeTestMethods(TestInvoker.java:146)
	at org.testng.internal.TestMethodWorker.invokeTestMethods(TestMethodWorker.java:146)
	at org.testng.internal.TestMethodWorker.run(TestMethodWorker.java:128)
	at java.base/java.util.ArrayList.forEach(ArrayList.java:1510)
	at org.testng.TestRunner.privateRun(TestRunner.java:766)
	at org.testng.TestRunner.run(TestRunner.java:587)
	at org.testng.SuiteRunner.runTest(SuiteRunner.java:384)
	at org.testng.SuiteRunner.runSequentially(SuiteRunner.java:378)
	at org.testng.SuiteRunner.privateRun(SuiteRunner.java:337)
	at org.testng.SuiteRunner.run(SuiteRunner.java:286)
	at org.testng.SuiteRunnerWorker.runSuite(SuiteRunnerWorker.java:53)
	at org.testng.SuiteRunnerWorker.run(SuiteRunnerWorker.java:96)
	at org.testng.TestNG.runSuitesSequentially(TestNG.java:1187)
	at org.testng.TestNG.runSuitesLocally(TestNG.java:1109)
	at org.testng.TestNG.runSuites(TestNG.java:1039)
	at org.testng.TestNG.run(TestNG.java:1007)
	at org.testng.remote.AbstractRemoteTestNG.run(AbstractRemoteTestNG.java:115)
	at org.testng.remote.RemoteTestNG.initAndRun(RemoteTestNG.java:251)
	at org.testng.remote.RemoteTestNG.main(RemoteTestNG.java:77)
</div></td></tr></table><p class="totop"><a href="#summary">back to summary</a></p>
<h3 id="m3">com.User.UserApiTests#POST_DeleteBankDetails_Nodes</h3><table class="result"><tr><th>Exception</th></tr><tr><td><div class="stacktrace">java.lang.AssertionError: The following asserts failed:
	&quot;@type&quot; node is not present in the response body expected [true] but found [false],
	&quot;@type&quot; node is not present in the response body expected [true] but found [false]
	at com.Reports.ReportListner.onTestFailure(ReportListner.java:65)
	at org.testng.internal.TestListenerHelper.runTestListeners(TestListenerHelper.java:66)
	at org.testng.internal.TestInvoker.runTestResultListener(TestInvoker.java:219)
	at org.testng.internal.TestInvoker.invokeMethod(TestInvoker.java:651)
	at org.testng.internal.TestInvoker.invokeTestMethod(TestInvoker.java:173)
	at org.testng.internal.MethodRunner.runInSequence(MethodRunner.java:46)
	at org.testng.internal.TestInvoker$MethodInvocationAgent.invoke(TestInvoker.java:816)
	at org.testng.internal.TestInvoker.invokeTestMethods(TestInvoker.java:146)
	at org.testng.internal.TestMethodWorker.invokeTestMethods(TestMethodWorker.java:146)
	at org.testng.internal.TestMethodWorker.run(TestMethodWorker.java:128)
	at java.base/java.util.ArrayList.forEach(ArrayList.java:1510)
	at org.testng.TestRunner.privateRun(TestRunner.java:766)
	at org.testng.TestRunner.run(TestRunner.java:587)
	at org.testng.SuiteRunner.runTest(SuiteRunner.java:384)
	at org.testng.SuiteRunner.runSequentially(SuiteRunner.java:378)
	at org.testng.SuiteRunner.privateRun(SuiteRunner.java:337)
	at org.testng.SuiteRunner.run(SuiteRunner.java:286)
	at org.testng.SuiteRunnerWorker.runSuite(SuiteRunnerWorker.java:53)
	at org.testng.SuiteRunnerWorker.run(SuiteRunnerWorker.java:96)
	at org.testng.TestNG.runSuitesSequentially(TestNG.java:1187)
	at org.testng.TestNG.runSuitesLocally(TestNG.java:1109)
	at org.testng.TestNG.runSuites(TestNG.java:1039)
	at org.testng.TestNG.run(TestNG.java:1007)
	at org.testng.remote.AbstractRemoteTestNG.run(AbstractRemoteTestNG.java:115)
	at org.testng.remote.RemoteTestNG.initAndRun(RemoteTestNG.java:251)
	at org.testng.remote.RemoteTestNG.main(RemoteTestNG.java:77)
</div></td></tr></table><p class="totop"><a href="#summary">back to summary</a></p>
<h3 id="m4">com.User.UserApiTests#POST_verifyOTP_Nodes</h3><table class="result"><tr><th>Exception</th></tr><tr><td><div class="stacktrace">java.lang.AssertionError: The following asserts failed:
	&quot;is_guest&quot; node is not present in the response body expected [true] but found [false],
	&quot;full_name&quot; node is not present in the response body expected [true] but found [false],
	&quot;dob&quot; node is not present in the response body expected [true] but found [false],
	&quot;email&quot; node is not present in the response body expected [true] but found [false],
	&quot;gender&quot; node is not present in the response body expected [true] but found [false]
	at com.Reports.ReportListner.onTestFailure(ReportListner.java:65)
	at org.testng.internal.TestListenerHelper.runTestListeners(TestListenerHelper.java:66)
	at org.testng.internal.TestInvoker.runTestResultListener(TestInvoker.java:219)
	at org.testng.internal.TestInvoker.invokeMethod(TestInvoker.java:651)
	at org.testng.internal.TestInvoker.invokeTestMethod(TestInvoker.java:173)
	at org.testng.internal.MethodRunner.runInSequence(MethodRunner.java:46)
	at org.testng.internal.TestInvoker$MethodInvocationAgent.invoke(TestInvoker.java:816)
	at org.testng.internal.TestInvoker.invokeTestMethods(TestInvoker.java:146)
	at org.testng.internal.TestMethodWorker.invokeTestMethods(TestMethodWorker.java:146)
	at org.testng.internal.TestMethodWorker.run(TestMethodWorker.java:128)
	at java.base/java.util.ArrayList.forEach(ArrayList.java:1510)
	at org.testng.TestRunner.privateRun(TestRunner.java:766)
	at org.testng.TestRunner.run(TestRunner.java:587)
	at org.testng.SuiteRunner.runTest(SuiteRunner.java:384)
	at org.testng.SuiteRunner.runSequentially(SuiteRunner.java:378)
	at org.testng.SuiteRunner.privateRun(SuiteRunner.java:337)
	at org.testng.SuiteRunner.run(SuiteRunner.java:286)
	at org.testng.SuiteRunnerWorker.runSuite(SuiteRunnerWorker.java:53)
	at org.testng.SuiteRunnerWorker.run(SuiteRunnerWorker.java:96)
	at org.testng.TestNG.runSuitesSequentially(TestNG.java:1187)
	at org.testng.TestNG.runSuitesLocally(TestNG.java:1109)
	at org.testng.TestNG.runSuites(TestNG.java:1039)
	at org.testng.TestNG.run(TestNG.java:1007)
	at org.testng.remote.AbstractRemoteTestNG.run(AbstractRemoteTestNG.java:115)
	at org.testng.remote.RemoteTestNG.initAndRun(RemoteTestNG.java:251)
	at org.testng.remote.RemoteTestNG.main(RemoteTestNG.java:77)
</div></td></tr></table><p class="totop"><a href="#summary">back to summary</a></p>
<h3 id="m5">com.User.UserApiTests#PUT_UpdateProfile_Nodes</h3><table class="result"><tr><th>Exception</th></tr><tr><td><div class="stacktrace">java.lang.AssertionError: The following asserts failed:
	&quot;profile_picture&quot; node is not present in the response body expected [true] but found [false],
	&quot;under18&quot; node is not present in the response body expected [true] but found [false],
	&quot;is_guest&quot; node is not present in the response body expected [true] but found [false],
	&quot;bank_details&quot; node is not present in the response body expected [true] but found [false],
	&quot;@type&quot; node is not present in the response body expected [true] but found [false],
	&quot;bank_account_full_name&quot; node is not present in the response body expected [true] but found [false],
	&quot;accountType&quot; node is not present in the response body expected [true] but found [false],
	&quot;accountNumber&quot; node is not present in the response body expected [true] but found [false],
	&quot;ifscCode&quot; node is not present in the response body expected [true] but found [false],
	&quot;mobile&quot; node is not present in the response body expected [true] but found [false],
	&quot;created_at&quot; node is not present in the response body expected [true] but found [false],
	&quot;upi_details&quot; node is not present in the response body expected [true] but found [false],
	&quot;@type&quot; node is not present in the response body expected [true] but found [false],
	&quot;upi&quot; node is not present in the response body expected [true] but found [false],
	&quot;user_id&quot; node is not present in the response body expected [true] but found [false],
	&quot;username&quot; node is not present in the response body expected [true] but found [false],
	&quot;display_language&quot; node is not present in the response body expected [true] but found [false],
	&quot;full_name&quot; node is not present in the response body expected [true] but found [false],
	&quot;dob&quot; node is not present in the response body expected [true] but found [false],
	&quot;email&quot; node is not present in the response body expected [true] but found [false],
	&quot;gender&quot; node is not present in the response body expected [true] but found [false]
	at com.Reports.ReportListner.onTestFailure(ReportListner.java:65)
	at org.testng.internal.TestListenerHelper.runTestListeners(TestListenerHelper.java:66)
	at org.testng.internal.TestInvoker.runTestResultListener(TestInvoker.java:219)
	at org.testng.internal.TestInvoker.invokeMethod(TestInvoker.java:651)
	at org.testng.internal.TestInvoker.invokeTestMethod(TestInvoker.java:173)
	at org.testng.internal.MethodRunner.runInSequence(MethodRunner.java:46)
	at org.testng.internal.TestInvoker$MethodInvocationAgent.invoke(TestInvoker.java:816)
	at org.testng.internal.TestInvoker.invokeTestMethods(TestInvoker.java:146)
	at org.testng.internal.TestMethodWorker.invokeTestMethods(TestMethodWorker.java:146)
	at org.testng.internal.TestMethodWorker.run(TestMethodWorker.java:128)
	at java.base/java.util.ArrayList.forEach(ArrayList.java:1510)
	at org.testng.TestRunner.privateRun(TestRunner.java:766)
	at org.testng.TestRunner.run(TestRunner.java:587)
	at org.testng.SuiteRunner.runTest(SuiteRunner.java:384)
	at org.testng.SuiteRunner.runSequentially(SuiteRunner.java:378)
	at org.testng.SuiteRunner.privateRun(SuiteRunner.java:337)
	at org.testng.SuiteRunner.run(SuiteRunner.java:286)
	at org.testng.SuiteRunnerWorker.runSuite(SuiteRunnerWorker.java:53)
	at org.testng.SuiteRunnerWorker.run(SuiteRunnerWorker.java:96)
	at org.testng.TestNG.runSuitesSequentially(TestNG.java:1187)
	at org.testng.TestNG.runSuitesLocally(TestNG.java:1109)
	at org.testng.TestNG.runSuites(TestNG.java:1039)
	at org.testng.TestNG.run(TestNG.java:1007)
	at org.testng.remote.AbstractRemoteTestNG.run(AbstractRemoteTestNG.java:115)
	at org.testng.remote.RemoteTestNG.initAndRun(RemoteTestNG.java:251)
	at org.testng.remote.RemoteTestNG.main(RemoteTestNG.java:77)
</div></td></tr></table><p class="totop"><a href="#summary">back to summary</a></p>
<h3 id="m6">com.User.UserApiTests#PUT_UpdateUpiDetails_Nodes</h3><table class="result"><tr><th>Exception</th></tr><tr><td><div class="stacktrace">java.lang.AssertionError: The following asserts failed:
	&quot;upi_details&quot; node is not present in the response body expected [true] but found [false],
	&quot;upi&quot; node is not present in the response body expected [true] but found [false]
	at com.Reports.ReportListner.onTestFailure(ReportListner.java:65)
	at org.testng.internal.TestListenerHelper.runTestListeners(TestListenerHelper.java:66)
	at org.testng.internal.TestInvoker.runTestResultListener(TestInvoker.java:219)
	at org.testng.internal.TestInvoker.invokeMethod(TestInvoker.java:651)
	at org.testng.internal.TestInvoker.invokeTestMethod(TestInvoker.java:173)
	at org.testng.internal.MethodRunner.runInSequence(MethodRunner.java:46)
	at org.testng.internal.TestInvoker$MethodInvocationAgent.invoke(TestInvoker.java:816)
	at org.testng.internal.TestInvoker.invokeTestMethods(TestInvoker.java:146)
	at org.testng.internal.TestMethodWorker.invokeTestMethods(TestMethodWorker.java:146)
	at org.testng.internal.TestMethodWorker.run(TestMethodWorker.java:128)
	at java.base/java.util.ArrayList.forEach(ArrayList.java:1510)
	at org.testng.TestRunner.privateRun(TestRunner.java:766)
	at org.testng.TestRunner.run(TestRunner.java:587)
	at org.testng.SuiteRunner.runTest(SuiteRunner.java:384)
	at org.testng.SuiteRunner.runSequentially(SuiteRunner.java:378)
	at org.testng.SuiteRunner.privateRun(SuiteRunner.java:337)
	at org.testng.SuiteRunner.run(SuiteRunner.java:286)
	at org.testng.SuiteRunnerWorker.runSuite(SuiteRunnerWorker.java:53)
	at org.testng.SuiteRunnerWorker.run(SuiteRunnerWorker.java:96)
	at org.testng.TestNG.runSuitesSequentially(TestNG.java:1187)
	at org.testng.TestNG.runSuitesLocally(TestNG.java:1109)
	at org.testng.TestNG.runSuites(TestNG.java:1039)
	at org.testng.TestNG.run(TestNG.java:1007)
	at org.testng.remote.AbstractRemoteTestNG.run(AbstractRemoteTestNG.java:115)
	at org.testng.remote.RemoteTestNG.initAndRun(RemoteTestNG.java:251)
	at org.testng.remote.RemoteTestNG.main(RemoteTestNG.java:77)
</div></td></tr></table><p class="totop"><a href="#summary">back to summary</a></p>
<h3 id="m7">com.User.UserApiTests#GET_BankDetails_StatusCode_Time</h3><table class="result"><tr><th class="invisible"/></tr></table><p class="totop"><a href="#summary">back to summary</a></p>
<h3 id="m8">com.User.UserApiTests#GET_GetPreference_Nodes</h3><table class="result"><tr><th class="invisible"/></tr></table><p class="totop"><a href="#summary">back to summary</a></p>
<h3 id="m9">com.User.UserApiTests#GET_OtherUserProfile_Nodes</h3><table class="result"><tr><th class="invisible"/></tr></table><p class="totop"><a href="#summary">back to summary</a></p>
<h3 id="m10">com.User.UserApiTests#GET_OtherUserProfile_StatusCode_Time</h3><table class="result"><tr><th class="invisible"/></tr></table><p class="totop"><a href="#summary">back to summary</a></p>
<h3 id="m11">com.User.UserApiTests#GET_UsersFollowingMe</h3><table class="result"><tr><th class="invisible"/></tr></table><p class="totop"><a href="#summary">back to summary</a></p>
<h3 id="m12">com.User.UserApiTests#GET_UsersFollowingMe_StatusCode_Time</h3><table class="result"><tr><th class="invisible"/></tr></table><p class="totop"><a href="#summary">back to summary</a></p>
<h3 id="m13">com.User.UserApiTests#GET_getProfile_Nodes</h3><table class="result"><tr><th class="invisible"/></tr></table><p class="totop"><a href="#summary">back to summary</a></p>
<h3 id="m14">com.User.UserApiTests#GET_getProfile_StatusCode_Time</h3><table class="result"><tr><th class="invisible"/></tr></table><p class="totop"><a href="#summary">back to summary</a></p>
<h3 id="m15">com.User.UserApiTests#POST_CreateAUser_Nodes</h3><table class="result"><tr><th class="invisible"/></tr></table><p class="totop"><a href="#summary">back to summary</a></p>
<h3 id="m16">com.User.UserApiTests#POST_DeleteBankDetails_StatusCode_Time</h3><table class="result"><tr><th class="invisible"/></tr></table><p class="totop"><a href="#summary">back to summary</a></p>
<h3 id="m17">com.User.UserApiTests#POST_DeleteUpiDetails_Nodes</h3><table class="result"><tr><th class="invisible"/></tr></table><p class="totop"><a href="#summary">back to summary</a></p>
<h3 id="m18">com.User.UserApiTests#POST_DeleteUpiDetails_StatusCode_Time</h3><table class="result"><tr><th class="invisible"/></tr></table><p class="totop"><a href="#summary">back to summary</a></p>
<h3 id="m19">com.User.UserApiTests#POST_FollowUser_Nodes</h3><table class="result"><tr><th class="invisible"/></tr></table><p class="totop"><a href="#summary">back to summary</a></p>
<h3 id="m20">com.User.UserApiTests#POST_FollowUser_StatusCode_time</h3><table class="result"><tr><th class="invisible"/></tr></table><p class="totop"><a href="#summary">back to summary</a></p>
<h3 id="m21">com.User.UserApiTests#POST_UnfollowUser_Nodes</h3><table class="result"><tr><th class="invisible"/></tr></table><p class="totop"><a href="#summary">back to summary</a></p>
<h3 id="m22">com.User.UserApiTests#POST_UnfollowUser_StatusCode_Time</h3><table class="result"><tr><th class="invisible"/></tr></table><p class="totop"><a href="#summary">back to summary</a></p>
<h3 id="m23">com.User.UserApiTests#POST_verifyOTP_StatusCode_Time</h3><table class="result"><tr><th class="invisible"/></tr></table><p class="totop"><a href="#summary">back to summary</a></p>
<h3 id="m24">com.User.UserApiTests#PUT_UpdateBankDetails_Nodes</h3><table class="result"><tr><th class="invisible"/></tr></table><p class="totop"><a href="#summary">back to summary</a></p>
<h3 id="m25">com.User.UserApiTests#PUT_UpdateBankDetails_StatusCode_Time</h3><table class="result"><tr><th class="invisible"/></tr></table><p class="totop"><a href="#summary">back to summary</a></p>
<h3 id="m26">com.User.UserApiTests#PUT_UpdatePreference_Nodes</h3><table class="result"><tr><th class="invisible"/></tr></table><p class="totop"><a href="#summary">back to summary</a></p>
<h3 id="m27">com.User.UserApiTests#PUT_UpdatePreferences_StatusCode_Time</h3><table class="result"><tr><th class="invisible"/></tr></table><p class="totop"><a href="#summary">back to summary</a></p>
<h3 id="m28">com.User.UserApiTests#PUT_UpdateProfileImage_Nodes</h3><table class="result"><tr><th class="invisible"/></tr></table><p class="totop"><a href="#summary">back to summary</a></p>
<h3 id="m29">com.User.UserApiTests#PUT_UpdateProfileImage_StatusCode_Time</h3><table class="result"><tr><th class="invisible"/></tr></table><p class="totop"><a href="#summary">back to summary</a></p>
<h3 id="m30">com.User.UserApiTests#PUT_UpdateProfile_StatusCode_Time</h3><table class="result"><tr><th class="invisible"/></tr></table><p class="totop"><a href="#summary">back to summary</a></p>
<h3 id="m31">com.User.UserApiTests#PUT_UpdateUpiDetails_StatusCode_Time</h3><table class="result"><tr><th class="invisible"/></tr></table><p class="totop"><a href="#summary">back to summary</a></p>
</body>
</html>
